SF:lib/features/medications/models/medication.dart
DA:10,2
DA:20,2
DA:21,2
DA:22,2
DA:23,2
DA:24,2
DA:25,2
DA:26,2
DA:27,2
DA:28,1
LF:10
LH:10
end_of_record
SF:lib/app/accessibility/accessibility_preferences.dart
DA:4,4
DA:6,4
DA:9,0
DA:12,0
DA:17,0
DA:19,0
DA:22,0
DA:25,0
DA:36,1
DA:42,0
DA:47,0
DA:48,0
DA:49,0
DA:50,0
LF:14
LH:3
end_of_record
SF:lib/app/auth/role_scope.dart
DA:9,0
DA:16,0
DA:17,0
DA:19,0
DA:24,4
DA:25,4
DA:28,0
DA:30,0
LF:8
LH:2
end_of_record
SF:lib/features/auth/screens/sign_in_screen.dart
DA:6,1
DA:8,1
DA:10,1
DA:12,1
DA:17,1
DA:19,1
DA:21,1
DA:23,1
DA:32,1
DA:34,1
DA:35,1
DA:48,1
DA:50,2
DA:51,2
DA:52,1
DA:55,1
DA:56,3
DA:60,4
DA:63,1
DA:65,1
DA:67,1
DA:68,1
DA:69,1
DA:70,1
DA:72,1
DA:74,1
DA:75,1
DA:76,1
DA:78,1
DA:79,1
DA:82,2
DA:87,1
DA:90,2
DA:95,1
DA:98,2
DA:103,3
DA:107,1
DA:108,2
DA:110,1
DA:112,2
DA:113,1
DA:114,2
DA:115,1
DA:122,1
DA:124,1
DA:125,1
DA:133,1
DA:134,2
DA:142,1
DA:144,1
DA:145,1
DA:146,1
DA:147,1
DA:151,1
DA:152,1
DA:155,0
DA:156,0
DA:157,0
DA:160,1
DA:161,1
DA:168,1
DA:169,1
DA:177,1
DA:179,1
DA:181,1
DA:182,1
DA:184,4
DA:203,1
DA:209,1
DA:211,1
DA:213,1
DA:215,1
DA:216,3
DA:217,1
DA:218,1
DA:219,1
DA:220,1
DA:223,1
DA:224,1
DA:225,1
DA:226,2
DA:227,2
DA:228,1
DA:229,1
DA:230,2
DA:231,2
DA:232,1
DA:235,1
DA:236,1
DA:237,5
DA:241,1
DA:242,5
DA:245,1
DA:246,1
DA:247,2
LF:95
LH:92
end_of_record
SF:lib/app/careconnect_app.dart
DA:9,0
DA:11,4
DA:12,4
DA:20,0
DA:21,0
DA:22,0
DA:26,0
DA:27,0
DA:28,0
DA:32,4
DA:34,4
DA:37,4
DA:38,4
DA:39,8
DA:41,4
DA:42,4
DA:44,4
DA:45,4
DA:46,16
DA:51,4
DA:52,4
DA:53,4
DA:54,4
DA:55,4
LF:24
LH:17
end_of_record
SF:lib/app/navigation/careconnect_shell.dart
DA:19,4
DA:27,4
DA:28,4
DA:34,4
DA:35,4
DA:36,4
DA:37,8
DA:38,8
DA:43,4
DA:44,8
DA:45,8
DA:46,8
DA:47,8
DA:52,4
DA:53,8
DA:54,4
DA:58,4
DA:60,4
DA:61,4
DA:62,8
DA:65,1
DA:68,4
DA:73,4
DA:74,4
DA:75,12
DA:76,4
DA:77,4
DA:78,4
DA:110,1
DA:111,1
DA:112,1
DA:113,1
DA:114,1
DA:115,1
DA:116,1
DA:117,1
DA:148,1
DA:149,3
LF:38
LH:38
end_of_record
SF:lib/app/theme/careconnect_theme.dart
DA:9,4
DA:14,4
DA:15,4
DA:27,0
DA:28,0
DA:40,0
DA:41,0
DA:53,0
DA:54,0
DA:68,4
DA:81,4
DA:82,4
DA:83,8
DA:88,4
DA:93,4
DA:101,4
DA:102,4
DA:107,4
DA:111,4
DA:123,4
DA:124,8
DA:125,8
DA:126,8
DA:127,8
DA:128,8
DA:132,4
DA:134,4
DA:138,4
DA:139,4
DA:140,8
DA:144,4
DA:146,4
DA:151,4
DA:153,4
DA:154,4
DA:157,4
DA:158,4
DA:162,4
DA:163,4
DA:168,4
DA:169,4
DA:172,4
DA:173,4
DA:174,4
DA:179,8
DA:181,4
DA:183,4
LF:47
LH:41
end_of_record
SF:lib/features/appointments/appointments_screen.dart
DA:7,1
DA:9,4
DA:10,4
DA:16,1
DA:17,3
DA:18,1
DA:19,1
DA:25,2
DA:26,2
DA:27,1
DA:32,4
DA:34,4
DA:35,4
DA:36,4
DA:37,4
DA:39,4
DA:40,4
DA:42,12
DA:45,4
DA:47,12
DA:50,4
DA:51,4
DA:53,4
DA:55,4
DA:56,4
DA:57,4
DA:63,4
DA:64,4
DA:66,12
DA:72,4
DA:74,12
DA:76,4
DA:78,12
DA:81,4
DA:83,12
DA:86,4
DA:87,4
DA:88,4
DA:89,4
DA:92,4
DA:97,4
DA:98,4
DA:99,4
DA:102,12
DA:108,4
DA:110,4
DA:111,4
DA:113,4
DA:114,4
LF:49
LH:49
end_of_record
SF:lib/features/care_plan/care_plan_screen.dart
DA:7,1
DA:9,4
DA:10,4
DA:16,1
DA:17,3
DA:18,1
DA:19,1
DA:25,2
DA:26,2
DA:27,1
DA:32,4
DA:34,4
DA:35,4
DA:36,4
DA:37,4
DA:39,4
DA:40,16
DA:42,4
DA:44,12
DA:58,4
DA:61,4
DA:62,4
DA:65,4
DA:68,4
DA:71,4
DA:99,5
DA:109,4
DA:111,4
DA:112,4
DA:114,4
DA:116,4
DA:117,12
DA:119,4
DA:120,4
DA:122,4
DA:123,20
DA:125,4
DA:126,4
DA:127,12
DA:129,4
DA:130,4
DA:131,8
DA:132,12
DA:138,4
DA:139,4
DA:140,12
DA:142,12
DA:144,4
DA:146,4
DA:147,4
DA:149,8
LF:51
LH:51
end_of_record
SF:lib/features/home/home_screen.dart
DA:20,4
DA:26,4
DA:28,4
DA:29,4
DA:31,4
DA:32,4
DA:33,1
DA:34,1
DA:36,4
DA:41,4
DA:42,0
DA:43,0
DA:52,4
DA:53,4
DA:55,4
DA:56,4
DA:60,4
DA:64,4
DA:68,4
DA:72,4
DA:76,4
DA:80,4
DA:84,4
DA:86,4
DA:87,0
DA:88,0
DA:89,0
DA:90,0
DA:108,4
DA:109,8
DA:111,4
DA:112,4
DA:113,4
DA:114,4
DA:115,8
DA:118,4
DA:120,4
DA:121,4
DA:123,4
DA:124,8
DA:127,4
DA:128,4
DA:129,8
DA:136,4
DA:138,4
DA:140,4
DA:141,4
DA:143,4
DA:145,4
DA:155,4
DA:156,16
DA:159,4
DA:160,8
DA:162,8
DA:164,4
DA:166,4
DA:167,4
DA:168,4
DA:169,4
DA:170,8
DA:174,4
DA:176,4
DA:177,4
DA:178,4
DA:179,4
DA:182,4
DA:183,8
DA:184,4
DA:186,4
DA:188,4
DA:195,4
DA:196,4
DA:198,12
DA:206,16
DA:210,16
DA:214,4
DA:218,4
DA:222,4
DA:224,4
DA:225,0
DA:226,0
DA:241,4
DA:242,4
DA:243,4
DA:245,4
DA:247,4
DA:248,4
DA:249,4
DA:255,4
DA:257,12
DA:262,16
DA:264,4
DA:266,12
DA:268,16
DA:270,4
DA:272,12
DA:280,4
DA:281,4
DA:282,4
DA:284,4
DA:286,4
DA:289,4
DA:290,4
DA:292,4
DA:293,4
DA:295,12
DA:298,4
DA:300,12
DA:303,4
DA:304,4
DA:310,4
DA:311,4
DA:313,12
DA:327,4
DA:328,4
DA:329,4
DA:331,4
DA:333,4
DA:336,4
DA:337,4
DA:339,4
DA:340,4
DA:342,12
DA:345,4
DA:347,12
DA:358,4
DA:363,4
DA:365,4
DA:366,4
DA:368,16
DA:371,4
DA:372,16
DA:378,1
DA:379,1
DA:383,1
DA:384,1
DA:385,1
DA:387,1
DA:390,1
DA:391,1
DA:393,3
DA:398,1
DA:400,3
DA:405,1
DA:408,2
DA:409,0
DA:410,0
DA:411,0
DA:415,1
DA:418,2
DA:419,0
DA:420,0
DA:421,0
DA:425,1
DA:428,2
DA:429,0
DA:430,0
DA:431,0
DA:435,1
DA:438,2
DA:439,0
DA:440,0
DA:441,0
DA:452,0
DA:453,0
DA:467,1
DA:474,1
DA:476,1
DA:478,1
DA:479,2
DA:480,1
DA:483,1
DA:485,1
DA:486,1
DA:487,1
DA:488,2
DA:495,5
DA:497,1
DA:498,1
DA:500,3
LF:180
LH:158
end_of_record
SF:lib/features/medications/medications_screen.dart
DA:8,1
DA:10,4
DA:11,4
DA:34,1
DA:35,2
DA:36,3
DA:39,2
DA:43,2
DA:44,5
DA:48,1
DA:49,3
DA:50,1
DA:51,1
DA:52,1
DA:54,1
DA:61,4
DA:63,4
DA:64,4
DA:65,4
DA:66,4
DA:68,4
DA:69,4
DA:71,12
DA:74,4
DA:76,12
DA:79,4
DA:81,12
DA:84,12
DA:85,4
DA:87,4
DA:89,1
DA:90,1
DA:106,4
DA:111,4
DA:113,4
DA:114,4
DA:116,4
DA:118,4
DA:119,4
DA:121,4
DA:128,4
DA:129,4
DA:131,4
DA:132,4
DA:133,8
DA:134,12
DA:137,4
DA:138,8
DA:139,12
DA:147,12
DA:149,12
DA:151,4
DA:152,4
DA:153,4
DA:154,8
DA:157,8
DA:160,4
DA:161,4
DA:162,8
DA:163,12
DA:169,4
DA:171,4
DA:172,4
DA:188,4
DA:190,4
DA:192,4
DA:194,4
DA:195,4
DA:197,20
DA:200,4
DA:201,20
LF:71
LH:71
end_of_record
SF:lib/features/my_health/my_health_screen.dart
DA:17,4
DA:25,0
DA:26,0
DA:27,0
DA:28,0
DA:29,0
DA:30,0
DA:31,0
DA:32,0
DA:33,0
DA:40,4
DA:42,4
DA:43,4
DA:44,4
DA:45,4
DA:47,4
DA:48,16
DA:50,4
DA:52,12
DA:55,4
DA:56,4
DA:58,4
DA:60,4
DA:61,4
DA:63,12
DA:66,4
DA:68,12
DA:71,4
DA:73,12
DA:76,4
DA:78,12
DA:85,4
DA:87,4
DA:88,0
DA:89,0
LF:35
LH:24
end_of_record
SF:lib/app/theme/app_typography.dart
DA:4,4
DA:5,4
DA:13,4
DA:14,4
DA:22,4
DA:23,4
DA:31,4
DA:32,4
DA:40,4
DA:41,4
LF:10
LH:10
end_of_record
SF:lib/app/theme/care_theme_tokens.dart
DA:11,4
DA:19,0
DA:27,0
DA:28,0
DA:29,0
DA:30,0
DA:31,0
DA:32,0
DA:36,2
DA:42,2
DA:43,6
DA:44,6
DA:45,2
DA:46,2
DA:47,2
DA:50,2
DA:51,2
DA:52,2
DA:55,6
LF:19
LH:12
end_of_record
SF:lib/app/theme/theme_photo_asset.dart
DA:4,4
DA:6,4
DA:8,0
DA:10,0
DA:12,0
LF:5
LH:2
end_of_record
SF:lib/app/theme/theme_preview_asset.dart
DA:4,4
DA:6,4
DA:9,1
DA:12,1
DA:15,1
LF:5
LH:5
end_of_record
SF:lib/features/appointments/screens/appointment_preparation_screen.dart
DA:6,1
DA:8,1
DA:10,1
DA:19,1
DA:20,3
DA:23,1
DA:25,1
DA:26,1
DA:27,1
DA:28,1
DA:30,1
DA:31,1
DA:33,3
DA:36,1
DA:38,3
DA:42,1
DA:50,1
DA:58,1
DA:66,1
DA:74,1
DA:76,3
DA:81,1
DA:83,3
DA:88,1
DA:89,1
DA:90,1
DA:91,1
DA:92,1
DA:93,0
DA:94,0
DA:95,0
DA:103,1
DA:104,1
DA:105,0
DA:106,0
DA:107,0
DA:115,1
DA:116,1
DA:117,0
DA:118,0
DA:119,0
DA:132,1
DA:134,3
DA:153,1
DA:154,1
DA:156,1
DA:158,1
DA:164,1
DA:165,1
DA:167,1
DA:168,1
DA:170,3
DA:173,1
DA:175,3
DA:187,1
DA:189,1
DA:190,1
DA:209,1
DA:215,1
DA:217,1
DA:218,1
DA:220,1
DA:222,1
DA:223,3
DA:225,1
DA:226,1
DA:228,1
DA:229,5
DA:231,5
DA:246,1
DA:248,1
DA:250,1
DA:251,1
DA:253,1
DA:255,1
DA:256,3
DA:258,1
DA:259,1
DA:260,1
DA:261,3
LF:80
LH:71
end_of_record
SF:lib/features/care_plan/screens/care_instructions_screen.dart
DA:6,1
DA:8,1
DA:9,1
DA:15,1
DA:16,4
DA:18,5
DA:20,1
DA:21,2
DA:22,2
DA:26,1
DA:27,1
DA:31,3
DA:34,1
DA:36,1
DA:37,1
DA:38,1
DA:39,1
DA:41,1
DA:42,1
DA:44,3
DA:47,1
DA:49,3
DA:54,1
DA:55,1
DA:57,1
DA:58,1
DA:64,1
DA:65,1
DA:66,2
DA:67,3
DA:77,1
DA:79,3
DA:84,1
DA:87,2
DA:88,1
DA:89,1
DA:95,1
DA:98,2
DA:99,1
DA:100,1
DA:106,1
DA:109,2
DA:110,1
DA:111,1
DA:117,1
DA:118,1
DA:120,1
DA:122,1
DA:128,1
DA:129,1
DA:131,1
DA:132,1
DA:134,3
DA:137,1
DA:139,3
DA:151,1
DA:153,1
DA:154,2
DA:174,1
DA:181,1
DA:183,1
DA:184,1
DA:186,1
DA:188,1
DA:189,1
DA:191,3
DA:193,1
DA:194,1
DA:195,1
DA:196,1
DA:197,5
LF:71
LH:71
end_of_record
SF:lib/features/home/widgets/role_dashboard_header.dart
DA:9,5
DA:15,5
DA:16,5
DA:17,5
DA:19,1
DA:21,1
DA:26,5
DA:27,5
DA:28,5
DA:30,1
DA:32,1
DA:37,5
DA:38,5
DA:39,5
DA:41,1
DA:43,1
DA:48,5
DA:49,5
DA:50,5
DA:52,1
DA:54,1
DA:59,5
DA:61,5
DA:63,5
DA:65,5
DA:66,5
DA:67,5
DA:68,20
DA:70,20
DA:76,20
DA:80,20
DA:84,5
DA:85,5
LF:33
LH:33
end_of_record
SF:lib/features/reminders/schedule_screen.dart
DA:6,1
DA:8,0
DA:9,0
DA:34,0
DA:35,0
DA:36,0
DA:40,0
DA:42,0
DA:43,0
DA:44,0
DA:45,0
DA:47,0
DA:48,0
DA:50,0
DA:52,0
DA:55,0
DA:56,0
DA:57,0
DA:59,0
DA:61,0
DA:62,0
DA:63,0
DA:64,0
DA:65,0
DA:67,0
DA:68,0
DA:69,0
DA:90,1
DA:98,0
DA:99,0
DA:100,0
DA:101,0
DA:102,0
DA:103,0
DA:104,0
LF:35
LH:2
end_of_record
SF:lib/features/medications/screens/medication_details_screen.dart
DA:10,1
DA:16,1
DA:18,1
DA:24,1
DA:26,1
DA:27,4
DA:30,1
DA:31,1
DA:35,2
DA:36,1
DA:39,6
DA:41,3
DA:42,6
DA:46,1
DA:48,1
DA:49,1
DA:50,1
DA:51,1
DA:53,1
DA:54,1
DA:55,3
DA:56,3
DA:59,1
DA:60,3
DA:61,3
DA:64,2
DA:66,1
DA:68,3
DA:72,1
DA:74,3
DA:78,1
DA:80,3
DA:84,1
DA:85,1
DA:87,1
DA:89,1
DA:95,1
DA:96,1
DA:98,1
DA:99,1
DA:101,3
DA:104,1
DA:106,3
DA:116,1
DA:118,1
DA:119,2
DA:120,1
DA:121,1
DA:123,2
DA:136,1
DA:138,1
DA:140,1
DA:141,1
DA:143,1
DA:144,1
DA:145,1
DA:146,1
DA:147,1
DA:152,1
DA:153,1
DA:154,1
DA:155,3
DA:170,1
DA:176,1
DA:178,1
DA:179,1
DA:181,1
DA:183,1
DA:184,3
DA:186,1
DA:187,1
DA:189,1
DA:190,5
DA:192,5
LF:74
LH:74
end_of_record
SF:lib/features/my_health/screens/accessibility_appearance_screen.dart
DA:15,0
DA:23,0
DA:25,0
DA:33,0
DA:35,0
DA:37,0
DA:38,0
DA:41,0
DA:42,0
DA:43,0
DA:46,0
DA:49,0
DA:50,0
DA:51,0
DA:54,0
DA:57,0
DA:59,0
DA:60,0
DA:61,0
DA:62,0
DA:64,0
DA:65,0
DA:67,0
DA:70,0
DA:72,0
DA:76,0
DA:80,0
DA:81,0
DA:86,0
DA:91,0
DA:92,0
DA:97,0
DA:101,0
DA:102,0
DA:107,0
DA:112,0
DA:113,0
DA:118,0
DA:120,0
DA:125,0
DA:126,0
DA:128,0
DA:130,0
DA:131,0
DA:133,0
DA:136,0
DA:138,0
DA:142,0
DA:144,0
DA:159,0
DA:160,0
DA:161,0
DA:165,0
DA:166,0
DA:178,0
DA:179,0
DA:180,0
DA:181,0
DA:182,0
DA:194,0
DA:195,0
DA:196,0
DA:197,0
DA:198,0
DA:199,0
DA:225,0
DA:233,0
DA:235,0
DA:237,0
DA:239,0
DA:240,0
DA:241,0
DA:243,0
DA:244,0
DA:245,0
DA:247,0
DA:249,0
DA:250,0
DA:252,0
DA:253,0
DA:258,0
DA:260,0
DA:262,0
DA:263,0
DA:264,0
DA:266,0
DA:267,0
DA:268,0
DA:269,0
DA:272,0
DA:273,0
DA:274,0
DA:280,0
DA:281,0
DA:282,0
DA:283,0
LF:96
LH:0
end_of_record
